0 info it worked if it ends with ok
1 verbose cli [ '/Users/jonyardley/.ndenv/versions/v0.12/bin/node',
1 verbose cli   '/Users/jonyardley/.ndenv/versions/v0.12/bin/npm',
1 verbose cli   'start' ]
2 info using npm@2.11.3
3 info using node@v0.12.7
4 verbose run-script [ 'prestart', 'start', 'poststart' ]
5 info prestart AstroView@0.1.0
6 info start AstroView@0.1.0
7 verbose unsafe-perm in lifecycle true
8 info AstroView@0.1.0 Failed to exec start script
9 verbose stack Error: AstroView@0.1.0 start: `UV_THREADPOOL_SIZE=100 node --harmony index.js`
9 verbose stack Exit status 1
9 verbose stack     at EventEmitter.<anonymous> (/Users/jonyardley/.ndenv/versions/v0.12/lib/node_modules/npm/lib/utils/lifecycle.js:213:16)
9 verbose stack     at EventEmitter.emit (events.js:110:17)
9 verbose stack     at ChildProcess.<anonymous> (/Users/jonyardley/.ndenv/versions/v0.12/lib/node_modules/npm/lib/utils/spawn.js:24:14)
9 verbose stack     at ChildProcess.emit (events.js:110:17)
9 verbose stack     at maybeClose (child_process.js:1015:16)
9 verbose stack     at Process.ChildProcess._handle.onexit (child_process.js:1087:5)
10 verbose pkgid AstroView@0.1.0
11 verbose cwd /Users/jonyardley/Development/AstroView
12 error Darwin 15.0.0
13 error argv "/Users/jonyardley/.ndenv/versions/v0.12/bin/node" "/Users/jonyardley/.ndenv/versions/v0.12/bin/npm" "start"
14 error node v0.12.7
15 error npm  v2.11.3
16 error code ELIFECYCLE
17 error AstroView@0.1.0 start: `UV_THREADPOOL_SIZE=100 node --harmony index.js`
17 error Exit status 1
18 error Failed at the AstroView@0.1.0 start script 'UV_THREADPOOL_SIZE=100 node --harmony index.js'.
18 error This is most likely a problem with the AstroView package,
18 error not with npm itself.
18 error Tell the author that this fails on your system:
18 error     UV_THREADPOOL_SIZE=100 node --harmony index.js
18 error You can get their info via:
18 error     npm owner ls AstroView
18 error There is likely additional logging output above.
19 verbose exit [ 1, true ]
